2023-06-12T12:11:25,995 INFO  StartupInfoLogger:51 - [{}] Starting JdbcConnectionApplication using Java 17.0.7 with PID 11913 (/home/kaviya/Desktop/Kaviya/JdbcConnection/target/classes started by kaviya in /home/kaviya/Desktop/Kaviya/JdbcConnection)
2023-06-12T12:11:25,999 INFO  SpringApplication:633 - [{}] No active profile set, falling back to 1 default profile: "default"
2023-06-12T12:11:26,018 INFO  DeferredLog:250 - [{}] Devtools property defaults active! Set 'spring.devtools.add-properties' to 'false' to disable
2023-06-12T12:11:26,018 INFO  DeferredLog:250 - [{}] For additional web related logging consider setting the 'logging.level.web' property to 'DEBUG'
2023-06-12T12:11:26,285 INFO  RepositoryConfigurationDelegate:138 - [{}] Bootstrapping Spring Data JPA repositories in DEFAULT mode.
2023-06-12T12:11:26,311 INFO  RepositoryConfigurationDelegate:208 - [{}] Finished Spring Data repository scanning in 22 ms. Found 1 JPA repository interfaces.
2023-06-12T12:11:26,608 INFO  TomcatWebServer:108 - [{}] Tomcat initialized with port(s): 8080 (http)
2023-06-12T12:11:26,618 INFO  DirectJDKLog:173 - [{}] Starting service [Tomcat]
2023-06-12T12:11:26,619 INFO  DirectJDKLog:173 - [{}] Starting Servlet engine: [Apache Tomcat/10.1.8]
2023-06-12T12:11:26,648 INFO  DirectJDKLog:173 - [{}] Initializing Spring embedded WebApplicationContext
2023-06-12T12:11:26,650 INFO  ServletWebServerApplicationContext:291 - [{}] Root WebApplicationContext: initialization completed in 630 ms
2023-06-12T12:11:26,742 INFO  LogHelper:31 - [{}] HHH000204: Processing PersistenceUnitInfo [name: default]
2023-06-12T12:11:26,767 INFO  Version:44 - [{}] HHH000412: Hibernate ORM core version 6.2.2.Final
2023-06-12T12:11:26,769 INFO  Environment:191 - [{}] HHH000406: Using bytecode reflection optimizer
2023-06-12T12:11:26,836 INFO  BytecodeProviderInitiator:53 - [{}] HHH000021: Bytecode provider name : bytebuddy
2023-06-12T12:11:26,895 INFO  SpringPersistenceUnitInfo:87 - [{}] No LoadTimeWeaver setup: ignoring JPA class transformer
2023-06-12T12:11:26,905 INFO  HikariDataSource:110 - [{}] HikariPool-1 - Starting...
2023-06-12T12:11:27,046 INFO  HikariPool:565 - [{}] HikariPool-1 - Added connection com.mysql.cj.jdbc.ConnectionImpl@478b69af
2023-06-12T12:11:27,047 INFO  HikariDataSource:123 - [{}] HikariPool-1 - Start completed.
2023-06-12T12:11:27,071 INFO  DialectFactoryImpl:93 - [{}] HHH035001: Using dialect: org.hibernate.dialect.MySQLDialect, version: 8.0
2023-06-12T12:11:27,166 INFO  BytecodeProviderInitiator:53 - [{}] HHH000021: Bytecode provider name : bytebuddy
2023-06-12T12:11:27,409 INFO  JtaPlatformInitiator:51 - [{}] HHH000490: Using JtaPlatform implementation: [org.hibernate.engine.transaction.jta.platform.internal.NoJtaPlatform]
2023-06-12T12:11:27,433 INFO  AbstractEntityManagerFactoryBean:437 - [{}] Initialized JPA EntityManagerFactory for persistence unit 'default'
2023-06-12T12:11:27,558 WARN  JpaBaseConfiguration$JpaWebConfiguration:231 - [{}] spring.jpa.open-in-view is enabled by default. Therefore, database queries may be performed during view rendering. Explicitly configure spring.jpa.open-in-view to disable this warning
2023-06-12T12:11:27,705 INFO  OptionalLiveReloadServer:59 - [{}] LiveReload server is running on port 35729
2023-06-12T12:11:27,719 INFO  TomcatWebServer:220 - [{}] Tomcat started on port(s): 8080 (http) with context path ''
2023-06-12T12:11:27,725 INFO  StartupInfoLogger:57 - [{}] Started JdbcConnectionApplication in 1.935 seconds (process running for 2.322)
2023-06-12T12:11:33,784 INFO  DirectJDKLog:173 - [{}] Initializing Spring DispatcherServlet 'dispatcherServlet'
2023-06-12T12:11:33,784 INFO  FrameworkServlet:532 - [{}] Initializing Servlet 'dispatcherServlet'
2023-06-12T12:11:33,785 INFO  FrameworkServlet:554 - [{}] Completed initialization in 1 ms
2023-06-12T12:11:33,799 DEBUG UserControl:27 - [{}] first Debug messages.......... 
2023-06-12T12:36:20,922 INFO  AbstractEntityManagerFactoryBean:650 - [{}] Closing JPA EntityManagerFactory for persistence unit 'default'
2023-06-12T12:36:20,924 INFO  HikariDataSource:350 - [{}] HikariPool-1 - Shutdown initiated...
2023-06-12T12:36:20,928 INFO  HikariDataSource:352 - [{}] HikariPool-1 - Shutdown completed.
2023-06-12T12:36:24,464 INFO  StartupInfoLogger:51 - [{}] Starting JdbcConnectionApplication using Java 17.0.7 with PID 12746 (/home/kaviya/Desktop/Kaviya/JdbcConnection/target/classes started by kaviya in /home/kaviya/Desktop/Kaviya/JdbcConnection)
2023-06-12T12:36:24,467 INFO  SpringApplication:633 - [{}] No active profile set, falling back to 1 default profile: "default"
2023-06-12T12:36:24,490 INFO  DeferredLog:250 - [{}] Devtools property defaults active! Set 'spring.devtools.add-properties' to 'false' to disable
2023-06-12T12:36:24,490 INFO  DeferredLog:250 - [{}] For additional web related logging consider setting the 'logging.level.web' property to 'DEBUG'
2023-06-12T12:36:24,919 INFO  RepositoryConfigurationDelegate:138 - [{}] Bootstrapping Spring Data JPA repositories in DEFAULT mode.
2023-06-12T12:36:24,967 INFO  RepositoryConfigurationDelegate:208 - [{}] Finished Spring Data repository scanning in 43 ms. Found 1 JPA repository interfaces.
2023-06-12T12:36:25,263 INFO  TomcatWebServer:108 - [{}] Tomcat initialized with port(s): 8080 (http)
2023-06-12T12:36:25,269 INFO  DirectJDKLog:173 - [{}] Starting service [Tomcat]
2023-06-12T12:36:25,269 INFO  DirectJDKLog:173 - [{}] Starting Servlet engine: [Apache Tomcat/10.1.8]
2023-06-12T12:36:25,293 INFO  DirectJDKLog:173 - [{}] Initializing Spring embedded WebApplicationContext
2023-06-12T12:36:25,294 INFO  ServletWebServerApplicationContext:291 - [{}] Root WebApplicationContext: initialization completed in 802 ms
2023-06-12T12:36:25,377 INFO  LogHelper:31 - [{}] HHH000204: Processing PersistenceUnitInfo [name: default]
2023-06-12T12:36:25,400 INFO  Version:44 - [{}] HHH000412: Hibernate ORM core version 6.2.2.Final
2023-06-12T12:36:25,401 INFO  Environment:191 - [{}] HHH000406: Using bytecode reflection optimizer
2023-06-12T12:36:25,460 INFO  BytecodeProviderInitiator:53 - [{}] HHH000021: Bytecode provider name : bytebuddy
2023-06-12T12:36:25,515 INFO  SpringPersistenceUnitInfo:87 - [{}] No LoadTimeWeaver setup: ignoring JPA class transformer
2023-06-12T12:36:25,525 INFO  HikariDataSource:110 - [{}] HikariPool-1 - Starting...
2023-06-12T12:36:25,658 INFO  HikariPool:565 - [{}] HikariPool-1 - Added connection com.mysql.cj.jdbc.ConnectionImpl@4f2ef71f
2023-06-12T12:36:25,659 INFO  HikariDataSource:123 - [{}] HikariPool-1 - Start completed.
2023-06-12T12:36:25,682 INFO  DialectFactoryImpl:93 - [{}] HHH035001: Using dialect: org.hibernate.dialect.MySQLDialect, version: 8.0
2023-06-12T12:36:25,762 INFO  BytecodeProviderInitiator:53 - [{}] HHH000021: Bytecode provider name : bytebuddy
2023-06-12T12:36:26,026 INFO  JtaPlatformInitiator:51 - [{}] HHH000490: Using JtaPlatform implementation: [org.hibernate.engine.transaction.jta.platform.internal.NoJtaPlatform]
2023-06-12T12:36:26,049 INFO  AbstractEntityManagerFactoryBean:437 - [{}] Initialized JPA EntityManagerFactory for persistence unit 'default'
2023-06-12T12:36:26,181 WARN  JpaBaseConfiguration$JpaWebConfiguration:231 - [{}] spring.jpa.open-in-view is enabled by default. Therefore, database queries may be performed during view rendering. Explicitly configure spring.jpa.open-in-view to disable this warning
2023-06-12T12:36:26,337 INFO  OptionalLiveReloadServer:59 - [{}] LiveReload server is running on port 35729
2023-06-12T12:36:26,350 INFO  TomcatWebServer:220 - [{}] Tomcat started on port(s): 8080 (http) with context path ''
2023-06-12T12:36:26,355 INFO  StartupInfoLogger:57 - [{}] Started JdbcConnectionApplication in 2.122 seconds (process running for 2.484)
2023-06-12T12:36:41,957 INFO  DirectJDKLog:173 - [{}] Initializing Spring DispatcherServlet 'dispatcherServlet'
2023-06-12T12:36:41,958 INFO  FrameworkServlet:532 - [{}] Initializing Servlet 'dispatcherServlet'
2023-06-12T12:36:41,959 INFO  FrameworkServlet:554 - [{}] Completed initialization in 1 ms
2023-06-12T12:36:41,973 DEBUG UserControl:27 - [{}] first Debug messages.......... 
2023-06-12T12:56:56,522 INFO  AbstractEntityManagerFactoryBean:650 - [{}] Closing JPA EntityManagerFactory for persistence unit 'default'
2023-06-12T12:56:56,524 INFO  HikariDataSource:350 - [{}] HikariPool-1 - Shutdown initiated...
2023-06-12T12:56:56,528 INFO  HikariDataSource:352 - [{}] HikariPool-1 - Shutdown completed.
