2023-06-12 16:22:07 DEBUG Application availability state ReadinessState changed from ACCEPTING_TRAFFIC to REFUSING_TRAFFIC
2023-06-12 16:22:07 DEBUG Closing org.springframework.boot.web.servlet.context.AnnotationConfigServletWebServerApplicationContext@158e583f, started on Mon Jun 12 16:20:08 IST 2023
2023-06-12 16:22:07 DEBUG Stopping beans in phase 2147482623
2023-06-12 16:22:07 DEBUG Bean 'webServerGracefulShutdown' completed its stop procedure
2023-06-12 16:22:07 DEBUG Stopping beans in phase 2147481599
2023-06-12 16:22:07 DEBUG Bean 'webServerStartStop' completed its stop procedure
2023-06-12 16:22:07 DEBUG Stopping beans in phase -2147483647
2023-06-12 16:22:07 DEBUG Bean 'springBootLoggingLifecycle' completed its stop procedure
2023-06-12 16:22:07 DEBUG Shutting down ExecutorService 'applicationTaskExecutor'
2023-06-12 16:22:07 INFO  Closing JPA EntityManagerFactory for persistence unit 'default'
2023-06-12 16:22:07 DEBUG HHH000031: Closing
2023-06-12 16:22:07 DEBUG Un-scoping TypeConfiguration [org.hibernate.type.spi.TypeConfiguration$Scope@63b9372] from SessionFactory [org.hibernate.internal.SessionFactoryImpl@3e3a0ccb]
2023-06-12 16:22:07 DEBUG Implicitly destroying ServiceRegistry on de-registration of all child ServiceRegistries
2023-06-12 16:22:07 DEBUG Implicitly destroying Boot-strap registry on de-registration of all child ServiceRegistries
2023-06-12 16:22:07 INFO  HikariPool-1 - Shutdown initiated...
2023-06-12 16:22:07 DEBUG HikariPool-1 - Before shutdown stats (total=10, active=0, idle=10, waiting=0)
2023-06-12 16:22:07 DEBUG HikariPool-1 - Closing connection com.mysql.cj.jdbc.ConnectionImpl@17500600: (connection evicted)
2023-06-12 16:22:07 DEBUG HikariPool-1 - Closing connection com.mysql.cj.jdbc.ConnectionImpl@52afcbd8: (connection evicted)
2023-06-12 16:22:07 DEBUG HikariPool-1 - Closing connection com.mysql.cj.jdbc.ConnectionImpl@63b759bf: (connection evicted)
2023-06-12 16:22:07 DEBUG HikariPool-1 - Closing connection com.mysql.cj.jdbc.ConnectionImpl@32803497: (connection evicted)
2023-06-12 16:22:07 DEBUG HikariPool-1 - Closing connection com.mysql.cj.jdbc.ConnectionImpl@36ceeaa6: (connection evicted)
2023-06-12 16:22:07 DEBUG HikariPool-1 - Closing connection com.mysql.cj.jdbc.ConnectionImpl@71de35a6: (connection evicted)
2023-06-12 16:22:07 DEBUG HikariPool-1 - Closing connection com.mysql.cj.jdbc.ConnectionImpl@7f8256de: (connection evicted)
2023-06-12 16:22:07 DEBUG HikariPool-1 - Closing connection com.mysql.cj.jdbc.ConnectionImpl@13263f91: (connection evicted)
2023-06-12 16:22:07 DEBUG HikariPool-1 - Closing connection com.mysql.cj.jdbc.ConnectionImpl@5a311c: (connection evicted)
2023-06-12 16:22:07 DEBUG HikariPool-1 - Closing connection com.mysql.cj.jdbc.ConnectionImpl@1b944f4f: (connection evicted)
2023-06-12 16:22:07 DEBUG HikariPool-1 - After shutdown stats (total=0, active=0, idle=0, waiting=0)
2023-06-12 16:22:07 INFO  HikariPool-1 - Shutdown completed.
2023-06-12 16:22:13 INFO  Starting JdbcConnectionApplication using Java 17.0.7 with PID 19494 (/home/kaviya/Desktop/Kaviya/JdbcConnection/target/classes started by kaviya in /home/kaviya/Desktop/Kaviya/JdbcConnection)
2023-06-12 16:22:13 INFO  No active profile set, falling back to 1 default profile: "default"
2023-06-12 16:22:13 INFO  Devtools property defaults active! Set 'spring.devtools.add-properties' to 'false' to disable
2023-06-12 16:22:13 INFO  For additional web related logging consider setting the 'logging.level.web' property to 'DEBUG'
2023-06-12 16:22:14 INFO  Bootstrapping Spring Data JPA repositories in DEFAULT mode.
2023-06-12 16:22:14 INFO  Finished Spring Data repository scanning in 25 ms. Found 1 JPA repository interfaces.
2023-06-12 16:22:14 INFO  Tomcat initialized with port(s): 8080 (http)
2023-06-12 16:22:14 INFO  Initializing ProtocolHandler ["http-nio-8080"]
2023-06-12 16:22:14 INFO  Starting service [Tomcat]
2023-06-12 16:22:14 INFO  Starting Servlet engine: [Apache Tomcat/10.1.8]
2023-06-12 16:22:14 INFO  Initializing Spring embedded WebApplicationContext
2023-06-12 16:22:14 INFO  Root WebApplicationContext: initialization completed in 599 ms
2023-06-12 16:22:14 INFO  HHH000204: Processing PersistenceUnitInfo [name: default]
2023-06-12 16:22:14 INFO  HHH000412: Hibernate ORM core version 6.2.2.Final
2023-06-12 16:22:14 INFO  HHH000406: Using bytecode reflection optimizer
2023-06-12 16:22:14 INFO  HHH000021: Bytecode provider name : bytebuddy
2023-06-12 16:22:14 INFO  No LoadTimeWeaver setup: ignoring JPA class transformer
2023-06-12 16:22:14 INFO  HikariPool-1 - Starting...
2023-06-12 16:22:14 INFO  HikariPool-1 - Added connection com.mysql.cj.jdbc.ConnectionImpl@48c60fad
2023-06-12 16:22:14 INFO  HikariPool-1 - Start completed.
2023-06-12 16:22:14 INFO  HHH035001: Using dialect: org.hibernate.dialect.MySQLDialect, version: 8.0
2023-06-12 16:22:14 INFO  HHH000021: Bytecode provider name : bytebuddy
2023-06-12 16:22:15 INFO  HHH000490: Using JtaPlatform implementation: [org.hibernate.engine.transaction.jta.platform.internal.NoJtaPlatform]
2023-06-12 16:22:15 INFO  Initialized JPA EntityManagerFactory for persistence unit 'default'
2023-06-12 16:22:15 WARN  spring.jpa.open-in-view is enabled by default. Therefore, database queries may be performed during view rendering. Explicitly configure spring.jpa.open-in-view to disable this warning
2023-06-12 16:22:15 INFO  LiveReload server is running on port 35729
2023-06-12 16:22:15 INFO  Starting ProtocolHandler ["http-nio-8080"]
2023-06-12 16:22:15 INFO  Tomcat started on port(s): 8080 (http) with context path ''
2023-06-12 16:22:15 INFO  Started JdbcConnectionApplication in 1.805 seconds (process running for 2.295)
2023-06-12 16:22:34 INFO  Initializing Spring DispatcherServlet 'dispatcherServlet'
2023-06-12 16:22:34 INFO  Initializing Servlet 'dispatcherServlet'
2023-06-12 16:22:34 INFO  Completed initialization in 0 ms
2023-06-12 16:22:34 INFO  Fetched Users 2
