2023-06-12 16:27:12 INFO  Closing JPA EntityManagerFactory for persistence unit 'default'
2023-06-12 16:27:12 INFO  HikariPool-1 - Shutdown initiated...
2023-06-12 16:27:12 INFO  HikariPool-1 - Shutdown completed.
2023-06-12 16:27:15 INFO  Starting JdbcConnectionApplication using Java 17.0.7 with PID 19735 (/home/kaviya/Desktop/Kaviya/JdbcConnection/target/classes started by kaviya in /home/kaviya/Desktop/Kaviya/JdbcConnection)
2023-06-12 16:27:15 INFO  No active profile set, falling back to 1 default profile: "default"
2023-06-12 16:27:15 INFO  Devtools property defaults active! Set 'spring.devtools.add-properties' to 'false' to disable
2023-06-12 16:27:15 INFO  For additional web related logging consider setting the 'logging.level.web' property to 'DEBUG'
2023-06-12 16:27:15 INFO  Bootstrapping Spring Data JPA repositories in DEFAULT mode.
2023-06-12 16:27:15 INFO  Finished Spring Data repository scanning in 24 ms. Found 1 JPA repository interfaces.
2023-06-12 16:27:15 INFO  Tomcat initialized with port(s): 8080 (http)
2023-06-12 16:27:15 INFO  Initializing ProtocolHandler ["http-nio-8080"]
2023-06-12 16:27:15 INFO  Starting service [Tomcat]
2023-06-12 16:27:15 INFO  Starting Servlet engine: [Apache Tomcat/10.1.8]
2023-06-12 16:27:15 INFO  Initializing Spring embedded WebApplicationContext
2023-06-12 16:27:15 INFO  Root WebApplicationContext: initialization completed in 588 ms
2023-06-12 16:27:15 INFO  HHH000204: Processing PersistenceUnitInfo [name: default]
2023-06-12 16:27:16 INFO  HHH000412: Hibernate ORM core version 6.2.2.Final
2023-06-12 16:27:16 INFO  HHH000406: Using bytecode reflection optimizer
2023-06-12 16:27:16 INFO  HHH000021: Bytecode provider name : bytebuddy
2023-06-12 16:27:16 INFO  No LoadTimeWeaver setup: ignoring JPA class transformer
2023-06-12 16:27:16 INFO  HikariPool-1 - Starting...
2023-06-12 16:27:16 INFO  HikariPool-1 - Added connection com.mysql.cj.jdbc.ConnectionImpl@79254dc1
2023-06-12 16:27:16 INFO  HikariPool-1 - Start completed.
2023-06-12 16:27:16 INFO  HHH035001: Using dialect: org.hibernate.dialect.MySQLDialect, version: 8.0
2023-06-12 16:27:16 INFO  HHH000021: Bytecode provider name : bytebuddy
2023-06-12 16:27:16 INFO  HHH000490: Using JtaPlatform implementation: [org.hibernate.engine.transaction.jta.platform.internal.NoJtaPlatform]
2023-06-12 16:27:16 INFO  Initialized JPA EntityManagerFactory for persistence unit 'default'
2023-06-12 16:27:16 WARN  spring.jpa.open-in-view is enabled by default. Therefore, database queries may be performed during view rendering. Explicitly configure spring.jpa.open-in-view to disable this warning
2023-06-12 16:27:16 INFO  LiveReload server is running on port 35729
2023-06-12 16:27:16 INFO  Starting ProtocolHandler ["http-nio-8080"]
2023-06-12 16:27:16 INFO  Tomcat started on port(s): 8080 (http) with context path ''
2023-06-12 16:27:16 INFO  Started JdbcConnectionApplication in 1.776 seconds (process running for 2.213)
2023-06-12 16:27:29 INFO  Initializing Spring DispatcherServlet 'dispatcherServlet'
2023-06-12 16:27:29 INFO  Initializing Servlet 'dispatcherServlet'
2023-06-12 16:27:29 INFO  Completed initialization in 1 ms
2023-06-12 16:27:29 INFO  Fetched Users 3
